<?xml version="1.0" encoding="UTF-8"?>
<!-- Generated by org.testng.reporters.JUnitReportReporter -->
<testsuite hostname="DESKTOP-G66S7Q9" name="System.FrameWork" tests="1" failures="0" timestamp="19 May 2017 23:42:58 GMT" time="11.314" errors="0">
  <testcase name="openingBrowser" time="11.314" classname="System.FrameWork"/>
</testsuite> <!-- System.FrameWork -->
